
> policymint-frontend@0.1.0 build
> next build

  ▲ Next.js 14.2.35
  - Environments: .env.local

   Creating an optimized production build ...
 ⚠ Compiled with warnings

./node_modules/@metamask/sdk/dist/browser/es/metamask-sdk.js
Module not found: Can't resolve '@react-native-async-storage/async-storage' in '/Users/suyenstevenson/Desktop/GitHub/Mint/policymint/policymint-frontend/node_modules/@metamask/sdk/dist/browser/es'

Import trace for requested module:
./node_modules/@metamask/sdk/dist/browser/es/metamask-sdk.js
./node_modules/@wagmi/connectors/dist/esm/metaMask.js
./node_modules/@wagmi/connectors/dist/esm/exports/index.js
./node_modules/connectkit/build/index.es.js
./src/components/AuthProvider.tsx

./node_modules/pino/lib/tools.js
Module not found: Can't resolve 'pino-pretty' in '/Users/suyenstevenson/Desktop/GitHub/Mint/policymint/policymint-frontend/node_modules/pino/lib'

Import trace for requested module:
./node_modules/pino/lib/tools.js
./node_modules/pino/pino.js
./node_modules/@walletconnect/logger/dist/index.es.js
./node_modules/@walletconnect/universal-provider/dist/index.es.js
./node_modules/@walletconnect/ethereum-provider/dist/index.es.js
./node_modules/@wagmi/connectors/dist/esm/walletConnect.js
./node_modules/@wagmi/connectors/dist/esm/exports/index.js
./node_modules/connectkit/build/index.es.js
./src/components/AuthProvider.tsx

 ⚠ Compiled with warnings

./node_modules/@metamask/sdk/dist/browser/es/metamask-sdk.js
Module not found: Can't resolve '@react-native-async-storage/async-storage' in '/Users/suyenstevenson/Desktop/GitHub/Mint/policymint/policymint-frontend/node_modules/@metamask/sdk/dist/browser/es'

Import trace for requested module:
./node_modules/@metamask/sdk/dist/browser/es/metamask-sdk.js
./node_modules/@wagmi/connectors/dist/esm/metaMask.js
./node_modules/@wagmi/connectors/dist/esm/exports/index.js
./node_modules/connectkit/build/index.es.js
./src/components/AuthProvider.tsx

 ✓ Compiled successfully
   Linting and checking validity of types ...
   Collecting page data ...
   Generating static pages (0/9) ...
The width(-1) and height(-1) of chart should be greater than 0,
       please check the style of container, or the props width(100%) and height(100%),
       or add a minWidth(0) or minHeight(undefined) or use aspect(undefined) to control the
       height and width.
The width(-1) and height(-1) of chart should be greater than 0,
       please check the style of container, or the props width(100%) and height(100%),
       or add a minWidth(0) or minHeight(undefined) or use aspect(undefined) to control the
       height and width.
The width(-1) and height(-1) of chart should be greater than 0,
       please check the style of container, or the props width(100%) and height(100%),
       or add a minWidth(0) or minHeight(undefined) or use aspect(undefined) to control the
       height and width.
   Generating static pages (2/9) 
   Generating static pages (4/9) 
   Generating static pages (6/9) 
 ✓ Generating static pages (9/9)
   Finalizing page optimization ...
   Collecting build traces ...

Route (app)                              Size     First Load JS
┌ ○ /                                    109 kB          223 kB
├ ○ /_not-found                          880 B          89.8 kB
├ ○ /agents                              6.58 kB         101 kB
├ ○ /audit                               4.78 kB         103 kB
├ ƒ /audit/[id]                          191 B          98.4 kB
├ ○ /policies                            3.76 kB        92.7 kB
├ ƒ /policies/[id]                       3.78 kB         102 kB
└ ○ /simulate                            3.86 kB        92.8 kB
+ First Load JS shared by all            89 kB
  ├ chunks/2117-6f1b7b2ed43fdbac.js      31.9 kB
  ├ chunks/fd9d1056-21b633f9ad68ee12.js  53.6 kB
  └ other shared chunks (total)          3.43 kB


○  (Static)   prerendered as static content
ƒ  (Dynamic)  server-rendered on demand

